<?xml version="1.0" encoding="UTF-8"?>
<testsuite name="cm.YaremkoIvanTestTask3" tests="1" skipped="0" failures="0" errors="0" timestamp="2022-03-30T10:08:03" hostname="DESKTOP-5RES4DA" time="0.018">
  <properties/>
  <testcase name="rateCalculateStudentTest1()" classname="cm.YaremkoIvanTestTask3" time="0.018"/>
  <system-out><![CDATA[]]></system-out>
  <system-err><![CDATA[]]></system-err>
</testsuite>
