<?xml version="1.0" encoding="UTF-8"?>
<testsuite name="cm.YaremkoIvanTestTask3" tests="1" skipped="0" failures="0" errors="0" timestamp="2022-03-30T10:13:49" hostname="DESKTOP-5RES4DA" time="0.016">
  <properties/>
  <testcase name="rateCalculateStaffTest1()" classname="cm.YaremkoIvanTestTask3" time="0.016"/>
  <system-out><![CDATA[]]></system-out>
  <system-err><![CDATA[]]></system-err>
</testsuite>
